CREATE USER SA PASSWORD "" ADMIN
/*C1*/SET SCHEMA PUBLIC
CONNECT USER SA
CREATE TABLE auditeurs (id INT IDENTITY, nom VARCHAR, prenom VARCHAR, email VARCHAR )
INSERT INTO AUDITEURS VALUES(0,'DD','bill','bill.gates@cnam.fr')
INSERT INTO AUDITEURS VALUES(1,'EE','james','james.ellroy@cnam.fr')
/*C2*/SET SCHEMA PUBLIC
CONNECT USER SA
DELETE FROM AUDITEURS WHERE ID=0
DELETE FROM AUDITEURS WHERE ID=1
/*C3*/SET SCHEMA PUBLIC
CONNECT USER SA
INSERT INTO AUDITEURS VALUES(2,'nom_10','prenom_10','nom_10@cnam.fr')
INSERT INTO AUDITEURS VALUES(3,'nom_11','prenom_11','nom_11@cnam.fr')
INSERT INTO AUDITEURS VALUES(4,'nom_12','prenom_12','nom_12@cnam.fr')
INSERT INTO AUDITEURS VALUES(5,'nom_13','prenom_13','nom_13@cnam.fr')
INSERT INTO AUDITEURS VALUES(6,'nom_14','prenom_14','nom_14@cnam.fr')
INSERT INTO AUDITEURS VALUES(7,'nom_15','prenom_15','nom_15@cnam.fr')
INSERT INTO AUDITEURS VALUES(8,'nom_16','prenom_16','nom_16@cnam.fr')
INSERT INTO AUDITEURS VALUES(9,'nom_17','prenom_17','nom_17@cnam.fr')
INSERT INTO AUDITEURS VALUES(10,'nom_18','prenom_18','nom_18@cnam.fr')
INSERT INTO AUDITEURS VALUES(11,'nom_19','prenom_19','nom_19@cnam.fr')
DELETE FROM AUDITEURS WHERE ID=7
INSERT INTO AUDITEURS VALUES(7,'nom_15','prenom_15','auditeur_15@lecnam.net')
INSERT INTO AUDITEURS VALUES(12,'Fowler','martin','martin.fowler@cnam.fr')
INSERT INTO AUDITEURS VALUES(13,'Grand','mark','mark.grand@cnam.fr')
DELETE FROM AUDITEURS WHERE ID=12
/*C4*/SET SCHEMA PUBLIC
CONNECT USER SA
DELETE FROM AUDITEURS WHERE ID=2
DELETE FROM AUDITEURS WHERE ID=3
DELETE FROM AUDITEURS WHERE ID=4
DELETE FROM AUDITEURS WHERE ID=5
DELETE FROM AUDITEURS WHERE ID=6
DELETE FROM AUDITEURS WHERE ID=7
DELETE FROM AUDITEURS WHERE ID=8
DELETE FROM AUDITEURS WHERE ID=9
DELETE FROM AUDITEURS WHERE ID=10
DELETE FROM AUDITEURS WHERE ID=11
DELETE FROM AUDITEURS WHERE ID=13
INSERT INTO AUDITEURS VALUES(14,'nom_0','prenom_0','nom_0@cnam.fr')
INSERT INTO AUDITEURS VALUES(15,'nom_1','prenom_1','nom_1@cnam.fr')
INSERT INTO AUDITEURS VALUES(16,'nom_2','prenom_2','nom_2@cnam.fr')
INSERT INTO AUDITEURS VALUES(17,'nom_3','prenom_3','nom_3@cnam.fr')
INSERT INTO AUDITEURS VALUES(18,'nom_4','prenom_4','nom_4@cnam.fr')
INSERT INTO AUDITEURS VALUES(19,'nom_5','prenom_5','nom_5@cnam.fr')
INSERT INTO AUDITEURS VALUES(20,'nom_6','prenom_6','nom_6@cnam.fr')
INSERT INTO AUDITEURS VALUES(21,'nom_7','prenom_7','nom_7@cnam.fr')
INSERT INTO AUDITEURS VALUES(22,'nom_8','prenom_8','nom_8@cnam.fr')
INSERT INTO AUDITEURS VALUES(23,'nom_9','prenom_9','nom_9@cnam.fr')
DELETE FROM AUDITEURS WHERE ID=19
INSERT INTO AUDITEURS VALUES(19,'nom_5','prenom_5','auditeur_5@lecnam.net')
INSERT INTO AUDITEURS VALUES(24,'Fowler','martin','martin.fowler@cnam.fr')
INSERT INTO AUDITEURS VALUES(25,'Grand','mark','mark.grand@cnam.fr')
DELETE FROM AUDITEURS WHERE ID=24
/*C5*/SET SCHEMA PUBLIC
CONNECT USER SA
INSERT INTO AUDITEURS VALUES(26,'nom_0','prenom_0','nom_0@cnam.fr')
/*C6*/SET SCHEMA PUBLIC
CONNECT USER SA
INSERT INTO AUDITEURS VALUES(27,'Gates','bill','bill.gates@cnam.fr')
INSERT INTO AUDITEURS VALUES(28,'Ellroy','james','james.ellroy@cnam.fr')
DELETE FROM AUDITEURS WHERE ID=27
DELETE FROM AUDITEURS WHERE ID=17
/*C7*/SET SCHEMA PUBLIC
CONNECT USER SA
INSERT INTO AUDITEURS VALUES(29,'nom_100','prenom_10','nom_10@cnam.fr')
INSERT INTO AUDITEURS VALUES(30,'nom_101','prenom_11','nom_11@cnam.fr')
INSERT INTO AUDITEURS VALUES(31,'nom_102','prenom_12','nom_12@cnam.fr')
INSERT INTO AUDITEURS VALUES(32,'nom_103','prenom_13','nom_13@cnam.fr')
INSERT INTO AUDITEURS VALUES(33,'nom_104','prenom_14','nom_14@cnam.fr')
INSERT INTO AUDITEURS VALUES(34,'nom_105','prenom_15','nom_15@cnam.fr')
INSERT INTO AUDITEURS VALUES(35,'nom_106','prenom_16','nom_16@cnam.fr')
INSERT INTO AUDITEURS VALUES(36,'nom_107','prenom_17','nom_17@cnam.fr')
INSERT INTO AUDITEURS VALUES(37,'nom_108','prenom_18','nom_18@cnam.fr')
INSERT INTO AUDITEURS VALUES(38,'nom_109','prenom_19','nom_19@cnam.fr')
INSERT INTO AUDITEURS VALUES(39,'nom_110','prenom_20','nom_20@cnam.fr')
INSERT INTO AUDITEURS VALUES(40,'nom_111','prenom_21','nom_21@cnam.fr')
INSERT INTO AUDITEURS VALUES(41,'nom_112','prenom_22','nom_22@cnam.fr')
INSERT INTO AUDITEURS VALUES(42,'nom_113','prenom_23','nom_23@cnam.fr')
INSERT INTO AUDITEURS VALUES(43,'nom_114','prenom_24','nom_24@cnam.fr')
INSERT INTO AUDITEURS VALUES(44,'nom_115','prenom_25','nom_25@cnam.fr')
INSERT INTO AUDITEURS VALUES(45,'nom_116','prenom_26','nom_26@cnam.fr')
INSERT INTO AUDITEURS VALUES(46,'nom_117','prenom_27','nom_27@cnam.fr')
INSERT INTO AUDITEURS VALUES(47,'nom_118','prenom_28','nom_28@cnam.fr')
INSERT INTO AUDITEURS VALUES(48,'nom_119','prenom_29','nom_29@cnam.fr')
DELETE FROM AUDITEURS WHERE ID=29
DELETE FROM AUDITEURS WHERE ID=30
DELETE FROM AUDITEURS WHERE ID=31
DELETE FROM AUDITEURS WHERE ID=32
DELETE FROM AUDITEURS WHERE ID=33
/*C8*/SET SCHEMA PUBLIC
CONNECT USER SA
INSERT INTO AUDITEURS VALUES(49,'nom_0','prenom_0','nom_0@cnam.fr')
INSERT INTO AUDITEURS VALUES(50,'nom_1','prenom_1','nom_1@cnam.fr')
DELETE FROM AUDITEURS WHERE ID=49
INSERT INTO AUDITEURS VALUES(49,'nom_0','prenom_0','a@b.fr')
/*C9*/SET SCHEMA PUBLIC
CONNECT USER SA
INSERT INTO AUDITEURS VALUES(51,'nom_0','prenom_0','nom_0@cnam.fr')
INSERT INTO AUDITEURS VALUES(52,'nom_1','prenom_1','nom_1@cnam.fr')
INSERT INTO AUDITEURS VALUES(53,'nom_1','prenom_2','nom_2@cnam.fr')
INSERT INTO AUDITEURS VALUES(54,'nom_2','prenom_3','nom_3@cnam.fr')
DELETE FROM AUDITEURS WHERE ID=52
INSERT INTO AUDITEURS VALUES(55,'nom_1','prenom_1','nom_1@cnam.fr')
/*C10*/SET SCHEMA PUBLIC
CONNECT USER SA
DELETE FROM AUDITEURS WHERE ID=14
DELETE FROM AUDITEURS WHERE ID=15
DELETE FROM AUDITEURS WHERE ID=16
DELETE FROM AUDITEURS WHERE ID=18
DELETE FROM AUDITEURS WHERE ID=19
DELETE FROM AUDITEURS WHERE ID=20
DELETE FROM AUDITEURS WHERE ID=21
DELETE FROM AUDITEURS WHERE ID=22
DELETE FROM AUDITEURS WHERE ID=23
DELETE FROM AUDITEURS WHERE ID=25
DELETE FROM AUDITEURS WHERE ID=26
DELETE FROM AUDITEURS WHERE ID=28
DELETE FROM AUDITEURS WHERE ID=34
DELETE FROM AUDITEURS WHERE ID=35
DELETE FROM AUDITEURS WHERE ID=36
DELETE FROM AUDITEURS WHERE ID=37
DELETE FROM AUDITEURS WHERE ID=38
DELETE FROM AUDITEURS WHERE ID=39
DELETE FROM AUDITEURS WHERE ID=40
DELETE FROM AUDITEURS WHERE ID=41
DELETE FROM AUDITEURS WHERE ID=42
DELETE FROM AUDITEURS WHERE ID=43
DELETE FROM AUDITEURS WHERE ID=44
DELETE FROM AUDITEURS WHERE ID=45
DELETE FROM AUDITEURS WHERE ID=46
DELETE FROM AUDITEURS WHERE ID=47
DELETE FROM AUDITEURS WHERE ID=48
DELETE FROM AUDITEURS WHERE ID=49
DELETE FROM AUDITEURS WHERE ID=50
DELETE FROM AUDITEURS WHERE ID=51
DELETE FROM AUDITEURS WHERE ID=53
DELETE FROM AUDITEURS WHERE ID=54
DELETE FROM AUDITEURS WHERE ID=55
INSERT INTO AUDITEURS VALUES(56,'nom_0','prenom_0','nom_0@cnam.fr')
INSERT INTO AUDITEURS VALUES(57,'nom_1','prenom_1','nom_1@cnam.fr')
DELETE FROM AUDITEURS WHERE ID=56
INSERT INTO AUDITEURS VALUES(58,'nom_2','prenom_2','nom_2@cnam.fr')
/*C11*/SET SCHEMA PUBLIC
CONNECT USER SA
INSERT INTO AUDITEURS VALUES(59,'auditeur_10','prenom_10','nom_10@cnam.fr')
INSERT INTO AUDITEURS VALUES(60,'auditeur_11','prenom_11','nom_11@cnam.fr')
INSERT INTO AUDITEURS VALUES(61,'auditeur_12','prenom_12','nom_12@cnam.fr')
INSERT INTO AUDITEURS VALUES(62,'auditeur_13','prenom_13','nom_13@cnam.fr')
INSERT INTO AUDITEURS VALUES(63,'auditeur_14','prenom_14','nom_14@cnam.fr')
INSERT INTO AUDITEURS VALUES(64,'auditeur_15','prenom_15','nom_15@cnam.fr')
INSERT INTO AUDITEURS VALUES(65,'auditeur_16','prenom_16','nom_16@cnam.fr')
INSERT INTO AUDITEURS VALUES(66,'auditeur_17','prenom_17','nom_17@cnam.fr')
INSERT INTO AUDITEURS VALUES(67,'auditeur_18','prenom_18','nom_18@cnam.fr')
INSERT INTO AUDITEURS VALUES(68,'auditeur_19','prenom_19','nom_19@cnam.fr')
DELETE FROM AUDITEURS WHERE ID=61
DELETE FROM AUDITEURS WHERE ID=60
DELETE FROM AUDITEURS WHERE ID=59
/*C12*/SET SCHEMA PUBLIC
CONNECT USER SA
INSERT INTO AUDITEURS VALUES(69,'auditeur_cnam_10','prenom_10','nom_10@cnam.fr')
INSERT INTO AUDITEURS VALUES(70,'auditeur_cnam_11','prenom_11','nom_11@cnam.fr')
INSERT INTO AUDITEURS VALUES(71,'auditeur_cnam_12','prenom_12','nom_12@cnam.fr')
INSERT INTO AUDITEURS VALUES(72,'auditeur_cnam_13','prenom_13','nom_13@cnam.fr')
INSERT INTO AUDITEURS VALUES(73,'auditeur_cnam_14','prenom_14','nom_14@cnam.fr')
INSERT INTO AUDITEURS VALUES(74,'auditeur_cnam_15','prenom_15','nom_15@cnam.fr')
INSERT INTO AUDITEURS VALUES(75,'auditeur_cnam_16','prenom_16','nom_16@cnam.fr')
INSERT INTO AUDITEURS VALUES(76,'auditeur_cnam_17','prenom_17','nom_17@cnam.fr')
INSERT INTO AUDITEURS VALUES(77,'auditeur_cnam_18','prenom_18','nom_18@cnam.fr')
INSERT INTO AUDITEURS VALUES(78,'auditeur_cnam_19','prenom_19','nom_19@cnam.fr')
/*C13*/SET SCHEMA PUBLIC
CONNECT USER SA
INSERT INTO AUDITEURS VALUES(79,'DD','bill','bill.gates@cnam.fr')
INSERT INTO AUDITEURS VALUES(80,'EE','james','james.ellroy@cnam.fr')
/*C14*/SET SCHEMA PUBLIC
CONNECT USER SA
DELETE FROM AUDITEURS WHERE ID=57
DELETE FROM AUDITEURS WHERE ID=58
DELETE FROM AUDITEURS WHERE ID=62
DELETE FROM AUDITEURS WHERE ID=63
DELETE FROM AUDITEURS WHERE ID=64
DELETE FROM AUDITEURS WHERE ID=65
DELETE FROM AUDITEURS WHERE ID=66
DELETE FROM AUDITEURS WHERE ID=67
DELETE FROM AUDITEURS WHERE ID=68
DELETE FROM AUDITEURS WHERE ID=69
DELETE FROM AUDITEURS WHERE ID=70
DELETE FROM AUDITEURS WHERE ID=71
DELETE FROM AUDITEURS WHERE ID=72
DELETE FROM AUDITEURS WHERE ID=73
DELETE FROM AUDITEURS WHERE ID=74
DELETE FROM AUDITEURS WHERE ID=75
DELETE FROM AUDITEURS WHERE ID=76
DELETE FROM AUDITEURS WHERE ID=77
DELETE FROM AUDITEURS WHERE ID=78
DELETE FROM AUDITEURS WHERE ID=79
DELETE FROM AUDITEURS WHERE ID=80
/*C15*/SET SCHEMA PUBLIC
CONNECT USER SA
INSERT INTO AUDITEURS VALUES(81,'nom_10','prenom_10','nom_10@cnam.fr')
INSERT INTO AUDITEURS VALUES(82,'nom_11','prenom_11','nom_11@cnam.fr')
INSERT INTO AUDITEURS VALUES(83,'nom_12','prenom_12','nom_12@cnam.fr')
INSERT INTO AUDITEURS VALUES(84,'nom_13','prenom_13','nom_13@cnam.fr')
INSERT INTO AUDITEURS VALUES(85,'nom_14','prenom_14','nom_14@cnam.fr')
INSERT INTO AUDITEURS VALUES(86,'nom_15','prenom_15','nom_15@cnam.fr')
INSERT INTO AUDITEURS VALUES(87,'nom_16','prenom_16','nom_16@cnam.fr')
INSERT INTO AUDITEURS VALUES(88,'nom_17','prenom_17','nom_17@cnam.fr')
INSERT INTO AUDITEURS VALUES(89,'nom_18','prenom_18','nom_18@cnam.fr')
INSERT INTO AUDITEURS VALUES(90,'nom_19','prenom_19','nom_19@cnam.fr')
DELETE FROM AUDITEURS WHERE ID=86
INSERT INTO AUDITEURS VALUES(86,'nom_15','prenom_15','auditeur_15@lecnam.net')
INSERT INTO AUDITEURS VALUES(91,'Fowler','martin','martin.fowler@cnam.fr')
INSERT INTO AUDITEURS VALUES(92,'Grand','mark','mark.grand@cnam.fr')
DELETE FROM AUDITEURS WHERE ID=91
/*C16*/SET SCHEMA PUBLIC
CONNECT USER SA
DELETE FROM AUDITEURS WHERE ID=81
DELETE FROM AUDITEURS WHERE ID=82
DELETE FROM AUDITEURS WHERE ID=83
DELETE FROM AUDITEURS WHERE ID=84
DELETE FROM AUDITEURS WHERE ID=85
DELETE FROM AUDITEURS WHERE ID=86
DELETE FROM AUDITEURS WHERE ID=87
DELETE FROM AUDITEURS WHERE ID=88
DELETE FROM AUDITEURS WHERE ID=89
DELETE FROM AUDITEURS WHERE ID=90
DELETE FROM AUDITEURS WHERE ID=92
INSERT INTO AUDITEURS VALUES(93,'nom_0','prenom_0','nom_0@cnam.fr')
INSERT INTO AUDITEURS VALUES(94,'nom_1','prenom_1','nom_1@cnam.fr')
INSERT INTO AUDITEURS VALUES(95,'nom_2','prenom_2','nom_2@cnam.fr')
INSERT INTO AUDITEURS VALUES(96,'nom_3','prenom_3','nom_3@cnam.fr')
INSERT INTO AUDITEURS VALUES(97,'nom_4','prenom_4','nom_4@cnam.fr')
INSERT INTO AUDITEURS VALUES(98,'nom_5','prenom_5','nom_5@cnam.fr')
INSERT INTO AUDITEURS VALUES(99,'nom_6','prenom_6','nom_6@cnam.fr')
INSERT INTO AUDITEURS VALUES(100,'nom_7','prenom_7','nom_7@cnam.fr')
INSERT INTO AUDITEURS VALUES(101,'nom_8','prenom_8','nom_8@cnam.fr')
INSERT INTO AUDITEURS VALUES(102,'nom_9','prenom_9','nom_9@cnam.fr')
DELETE FROM AUDITEURS WHERE ID=98
INSERT INTO AUDITEURS VALUES(98,'nom_5','prenom_5','auditeur_5@lecnam.net')
INSERT INTO AUDITEURS VALUES(103,'Fowler','martin','martin.fowler@cnam.fr')
INSERT INTO AUDITEURS VALUES(104,'Grand','mark','mark.grand@cnam.fr')
DELETE FROM AUDITEURS WHERE ID=103
/*C17*/SET SCHEMA PUBLIC
CONNECT USER SA
INSERT INTO AUDITEURS VALUES(105,'nom_0','prenom_0','nom_0@cnam.fr')
/*C18*/SET SCHEMA PUBLIC
CONNECT USER SA
INSERT INTO AUDITEURS VALUES(106,'Gates','bill','bill.gates@cnam.fr')
INSERT INTO AUDITEURS VALUES(107,'Ellroy','james','james.ellroy@cnam.fr')
DELETE FROM AUDITEURS WHERE ID=106
DELETE FROM AUDITEURS WHERE ID=96
/*C19*/SET SCHEMA PUBLIC
CONNECT USER SA
INSERT INTO AUDITEURS VALUES(108,'nom_100','prenom_10','nom_10@cnam.fr')
INSERT INTO AUDITEURS VALUES(109,'nom_101','prenom_11','nom_11@cnam.fr')
INSERT INTO AUDITEURS VALUES(110,'nom_102','prenom_12','nom_12@cnam.fr')
INSERT INTO AUDITEURS VALUES(111,'nom_103','prenom_13','nom_13@cnam.fr')
INSERT INTO AUDITEURS VALUES(112,'nom_104','prenom_14','nom_14@cnam.fr')
INSERT INTO AUDITEURS VALUES(113,'nom_105','prenom_15','nom_15@cnam.fr')
INSERT INTO AUDITEURS VALUES(114,'nom_106','prenom_16','nom_16@cnam.fr')
INSERT INTO AUDITEURS VALUES(115,'nom_107','prenom_17','nom_17@cnam.fr')
INSERT INTO AUDITEURS VALUES(116,'nom_108','prenom_18','nom_18@cnam.fr')
INSERT INTO AUDITEURS VALUES(117,'nom_109','prenom_19','nom_19@cnam.fr')
INSERT INTO AUDITEURS VALUES(118,'nom_110','prenom_20','nom_20@cnam.fr')
INSERT INTO AUDITEURS VALUES(119,'nom_111','prenom_21','nom_21@cnam.fr')
INSERT INTO AUDITEURS VALUES(120,'nom_112','prenom_22','nom_22@cnam.fr')
INSERT INTO AUDITEURS VALUES(121,'nom_113','prenom_23','nom_23@cnam.fr')
INSERT INTO AUDITEURS VALUES(122,'nom_114','prenom_24','nom_24@cnam.fr')
INSERT INTO AUDITEURS VALUES(123,'nom_115','prenom_25','nom_25@cnam.fr')
INSERT INTO AUDITEURS VALUES(124,'nom_116','prenom_26','nom_26@cnam.fr')
INSERT INTO AUDITEURS VALUES(125,'nom_117','prenom_27','nom_27@cnam.fr')
INSERT INTO AUDITEURS VALUES(126,'nom_118','prenom_28','nom_28@cnam.fr')
INSERT INTO AUDITEURS VALUES(127,'nom_119','prenom_29','nom_29@cnam.fr')
DELETE FROM AUDITEURS WHERE ID=108
DELETE FROM AUDITEURS WHERE ID=109
DELETE FROM AUDITEURS WHERE ID=110
DELETE FROM AUDITEURS WHERE ID=111
DELETE FROM AUDITEURS WHERE ID=112
/*C20*/SET SCHEMA PUBLIC
CONNECT USER SA
INSERT INTO AUDITEURS VALUES(128,'nom_0','prenom_0','nom_0@cnam.fr')
INSERT INTO AUDITEURS VALUES(129,'nom_1','prenom_1','nom_1@cnam.fr')
DELETE FROM AUDITEURS WHERE ID=128
INSERT INTO AUDITEURS VALUES(128,'nom_0','prenom_0','a@b.fr')
/*C21*/SET SCHEMA PUBLIC
CONNECT USER SA
INSERT INTO AUDITEURS VALUES(130,'nom_0','prenom_0','nom_0@cnam.fr')
INSERT INTO AUDITEURS VALUES(131,'nom_1','prenom_1','nom_1@cnam.fr')
INSERT INTO AUDITEURS VALUES(132,'nom_1','prenom_2','nom_2@cnam.fr')
INSERT INTO AUDITEURS VALUES(133,'nom_2','prenom_3','nom_3@cnam.fr')
DELETE FROM AUDITEURS WHERE ID=131
INSERT INTO AUDITEURS VALUES(134,'nom_1','prenom_1','nom_1@cnam.fr')
/*C22*/SET SCHEMA PUBLIC
CONNECT USER SA
DELETE FROM AUDITEURS WHERE ID=93
DELETE FROM AUDITEURS WHERE ID=94
DELETE FROM AUDITEURS WHERE ID=95
DELETE FROM AUDITEURS WHERE ID=97
DELETE FROM AUDITEURS WHERE ID=98
DELETE FROM AUDITEURS WHERE ID=99
DELETE FROM AUDITEURS WHERE ID=100
DELETE FROM AUDITEURS WHERE ID=101
DELETE FROM AUDITEURS WHERE ID=102
DELETE FROM AUDITEURS WHERE ID=104
DELETE FROM AUDITEURS WHERE ID=105
DELETE FROM AUDITEURS WHERE ID=107
DELETE FROM AUDITEURS WHERE ID=113
DELETE FROM AUDITEURS WHERE ID=114
DELETE FROM AUDITEURS WHERE ID=115
DELETE FROM AUDITEURS WHERE ID=116
DELETE FROM AUDITEURS WHERE ID=117
DELETE FROM AUDITEURS WHERE ID=118
DELETE FROM AUDITEURS WHERE ID=119
DELETE FROM AUDITEURS WHERE ID=120
DELETE FROM AUDITEURS WHERE ID=121
DELETE FROM AUDITEURS WHERE ID=122
DELETE FROM AUDITEURS WHERE ID=123
DELETE FROM AUDITEURS WHERE ID=124
DELETE FROM AUDITEURS WHERE ID=125
DELETE FROM AUDITEURS WHERE ID=126
DELETE FROM AUDITEURS WHERE ID=127
DELETE FROM AUDITEURS WHERE ID=128
DELETE FROM AUDITEURS WHERE ID=129
DELETE FROM AUDITEURS WHERE ID=130
DELETE FROM AUDITEURS WHERE ID=132
DELETE FROM AUDITEURS WHERE ID=133
DELETE FROM AUDITEURS WHERE ID=134
INSERT INTO AUDITEURS VALUES(135,'nom_0','prenom_0','nom_0@cnam.fr')
INSERT INTO AUDITEURS VALUES(136,'nom_1','prenom_1','nom_1@cnam.fr')
DELETE FROM AUDITEURS WHERE ID=135
INSERT INTO AUDITEURS VALUES(137,'nom_2','prenom_2','nom_2@cnam.fr')
/*C23*/SET SCHEMA PUBLIC
CONNECT USER SA
INSERT INTO AUDITEURS VALUES(138,'auditeur_10','prenom_10','nom_10@cnam.fr')
INSERT INTO AUDITEURS VALUES(139,'auditeur_11','prenom_11','nom_11@cnam.fr')
INSERT INTO AUDITEURS VALUES(140,'auditeur_12','prenom_12','nom_12@cnam.fr')
INSERT INTO AUDITEURS VALUES(141,'auditeur_13','prenom_13','nom_13@cnam.fr')
INSERT INTO AUDITEURS VALUES(142,'auditeur_14','prenom_14','nom_14@cnam.fr')
INSERT INTO AUDITEURS VALUES(143,'auditeur_15','prenom_15','nom_15@cnam.fr')
INSERT INTO AUDITEURS VALUES(144,'auditeur_16','prenom_16','nom_16@cnam.fr')
INSERT INTO AUDITEURS VALUES(145,'auditeur_17','prenom_17','nom_17@cnam.fr')
INSERT INTO AUDITEURS VALUES(146,'auditeur_18','prenom_18','nom_18@cnam.fr')
INSERT INTO AUDITEURS VALUES(147,'auditeur_19','prenom_19','nom_19@cnam.fr')
DELETE FROM AUDITEURS WHERE ID=140
DELETE FROM AUDITEURS WHERE ID=139
DELETE FROM AUDITEURS WHERE ID=138
/*C24*/SET SCHEMA PUBLIC
CONNECT USER SA
INSERT INTO AUDITEURS VALUES(148,'auditeur_cnam_10','prenom_10','nom_10@cnam.fr')
INSERT INTO AUDITEURS VALUES(149,'auditeur_cnam_11','prenom_11','nom_11@cnam.fr')
INSERT INTO AUDITEURS VALUES(150,'auditeur_cnam_12','prenom_12','nom_12@cnam.fr')
INSERT INTO AUDITEURS VALUES(151,'auditeur_cnam_13','prenom_13','nom_13@cnam.fr')
INSERT INTO AUDITEURS VALUES(152,'auditeur_cnam_14','prenom_14','nom_14@cnam.fr')
INSERT INTO AUDITEURS VALUES(153,'auditeur_cnam_15','prenom_15','nom_15@cnam.fr')
INSERT INTO AUDITEURS VALUES(154,'auditeur_cnam_16','prenom_16','nom_16@cnam.fr')
INSERT INTO AUDITEURS VALUES(155,'auditeur_cnam_17','prenom_17','nom_17@cnam.fr')
INSERT INTO AUDITEURS VALUES(156,'auditeur_cnam_18','prenom_18','nom_18@cnam.fr')
INSERT INTO AUDITEURS VALUES(157,'auditeur_cnam_19','prenom_19','nom_19@cnam.fr')
